2022-10-11 23:25:34,614 ERROR c.i.v.UserView [main] Enter only Numbers
2022-10-12 22:35:41,417 ERROR c.i.v.UserView [main] Enter only Numbers
2022-10-12 22:35:49,511 ERROR c.i.v.UserView [main] Enter only Numbers
2022-10-12 22:37:08,851 ERROR c.i.v.UserView [main] Enter only Numbers
2022-10-12 22:38:43,205 ERROR c.i.v.UserView [main] Enter only Numbers
2022-10-13 12:23:12,998 ERROR c.i.v.UserView [main] Enter only Numbers
2022-10-13 12:23:16,721 ERROR c.i.v.UserView [main] Enter only Numbers
2022-10-13 12:26:48,189 ERROR c.i.v.UserView [main] Enter only Numbers
2022-10-13 12:29:31,687 ERROR c.i.v.UserView [main] Enter only Numbers
2022-10-13 12:31:49,769 ERROR c.i.v.UserView [main] Enter only Numbers
2022-10-13 12:34:11,128 ERROR c.i.v.UserView [main] Enter only Numbers
2022-10-13 12:34:12,770 ERROR c.i.v.UserView [main] Enter only Numbers
2022-10-13 13:13:54,329 ERROR c.i.v.UserView [main] Enter only Numbers
2022-11-04 18:26:37,838 ERROR c.i.l.CustomLogger [main] Enter only Numbers
2022-11-04 18:38:43,940 ERROR c.i.l.CustomLogger [main] Enter only Numbers
2022-11-04 19:42:50,374 ERROR c.i.l.CustomLogger [main] SQL exception occure
2022-11-04 19:47:23,623 ERROR c.i.l.CustomLogger [main] SQL exception occure
2022-11-05 14:22:50,689 ERROR c.i.l.CustomLogger [main] SQL exception occure
2022-11-05 14:33:15,245 ERROR c.i.l.CustomLogger [main] SQL exception occure
2022-11-05 14:37:22,098 ERROR c.i.l.CustomLogger [main] SQL exception occure
2022-11-05 14:42:19,498 ERROR c.i.l.CustomLogger [main] SQL exception occure
2022-11-05 15:57:02,279 ERROR c.i.l.CustomLogger [main] Enter only Numbers
2022-11-05 15:59:20,492 ERROR c.i.l.CustomLogger [main] Enter only Numbers
2022-11-05 17:10:12,309 ERROR c.i.l.CustomLogger [main] Enter only Numbers
2022-11-05 17:11:11,109 ERROR c.i.l.CustomLogger [main] Enter only Numbers
2022-11-05 17:15:59,514 ERROR c.i.l.CustomLogger [main] Enter only Numbers
2022-11-05 17:19:12,045 ERROR c.i.l.CustomLogger [main] Enter only Numbers
2022-11-05 17:19:20,793 ERROR c.i.l.CustomLogger [main] Enter only Numbers
2022-11-08 13:55:58,197 ERROR c.i.l.CustomLogger [main] SQL exception occure
2022-11-08 14:07:45,166 ERROR c.i.l.CustomLogger [main] SQL exception occure
2022-11-08 14:09:18,802 ERROR c.i.l.CustomLogger [main] SQL exception occure
2022-11-08 14:14:47,514 ERROR c.i.l.CustomLogger [main] SQL exception occure
2022-11-08 14:25:40,810 ERROR c.i.l.CustomLogger [main] SQL exception occure
2022-11-08 14:28:53,706 ERROR c.i.l.CustomLogger [main] SQL exception occure
2022-11-08 14:30:28,893 ERROR c.i.l.CustomLogger [main] SQL exception occure
2022-11-09 15:50:24,799 ERROR c.i.l.CustomLogger [main] No user exist
2022-11-09 15:52:22,920 ERROR c.i.l.CustomLogger [main] No user exist
2022-11-09 17:12:36,441 ERROR c.i.l.CustomLogger [main] No user exist
2022-11-09 17:17:39,584 ERROR c.i.l.CustomLogger [main] Enter only Numbers
2022-11-09 17:18:59,800 ERROR c.i.l.CustomLogger [main] No account exist to delete
2022-11-09 17:19:39,859 ERROR c.i.l.CustomLogger [main] No account exist to delete
2022-11-11 14:00:27,972 ERROR c.i.l.CustomLogger [main] Enter only Numbers
2022-11-25 18:33:28,098 ERROR c.i.l.CustomLogger [main] Unknown column 'tittle' in 'field list'
2022-11-25 18:42:31,164 ERROR c.i.l.CustomLogger [main] Unknown column 'tittle' in 'field list'
2022-11-25 18:53:16,924 ERROR c.i.l.CustomLogger [main] Parameter index out of range (1 > number of parameters, which is 0).
2022-11-25 18:53:16,924 ERROR c.i.l.CustomLogger [main] No account exist to delete
2022-11-25 19:00:45,662 ERROR c.i.l.CustomLogger [main] Enter only Numbers
2022-11-25 19:01:23,393 ERROR c.i.l.CustomLogger [main] You have an error in your SQL syntax; check the manual that corresponds to your MySQL server version for the right syntax to use near '='1cbd4fe7-46c7-46e0-af05-4035aae73e13'' at line 1
2022-11-25 19:01:23,393 ERROR c.i.l.CustomLogger [main] No account exist to delete
2022-11-25 19:05:07,963 ERROR c.i.l.CustomLogger [main] You have an error in your SQL syntax; check the manual that corresponds to your MySQL server version for the right syntax to use near '= '1cbd4fe7-46c7-46e0-af05-4035aae73e13'' at line 1
2022-11-25 19:05:07,963 ERROR c.i.l.CustomLogger [main] No account exist to delete
2022-11-25 19:18:19,755 ERROR c.i.l.CustomLogger [main] You have an error in your SQL syntax; check the manual that corresponds to your MySQL server version for the right syntax to use near '= '1cbd4fe7-46c7-46e0-af05-4035aae73e13'' at line 1
2022-11-25 19:18:19,755 ERROR c.i.l.CustomLogger [main] No account exist to delete
