
2022-10-18 11:44:55,942 INFO c.i.v.UserView [main] Create the Password
2022-10-18 11:45:40,660 INFO c.i.v.UserView [main] Account created sucessfully
2022-11-04 15:58:19,791 INFO c.i.v.UserView [main] Create the Password
2022-11-04 15:58:42,034 INFO c.i.v.UserView [main] Create the Password
2022-11-04 15:58:56,271 INFO c.i.v.UserView [main] Create the Password
2022-11-04 16:00:18,764 INFO c.i.v.UserView [main] Create the Password
2022-11-04 16:01:37,095 INFO c.i.v.UserView [main] Account created sucessfully
2022-11-04 18:19:57,092 INFO c.i.l.CustomLogger [main] Account created sucessfully
2022-11-04 18:24:32,912 INFO c.i.l.CustomLogger [main] Account created sucessfully
2022-11-04 18:26:27,667 INFO c.i.l.CustomLogger [main] Account created sucessfully
2022-11-04 18:28:10,580 INFO c.i.l.CustomLogger [main] Account created sucessfully
2022-11-04 18:34:38,023 INFO c.i.l.CustomLogger [main] Account created sucessfully
2022-11-04 18:38:26,913 INFO c.i.l.CustomLogger [main] Account created sucessfully
2022-11-04 19:06:54,791 INFO c.i.l.CustomLogger [main] Account created sucessfully
2022-11-04 19:35:45,733 INFO c.i.l.CustomLogger [main] Account created sucessfully
2022-11-04 19:37:51,081 INFO c.i.l.CustomLogger [main] Account created sucessfully
2022-11-04 19:42:50,381 INFO c.i.l.CustomLogger [main] Account created sucessfully
2022-11-04 19:47:23,629 INFO c.i.l.CustomLogger [main] Account created sucessfully
2022-11-04 19:49:17,552 INFO c.i.l.CustomLogger [main] Account created sucessfully
2022-11-05 14:22:50,698 INFO c.i.l.CustomLogger [main] Account created sucessfully
2022-11-05 14:33:15,252 INFO c.i.l.CustomLogger [main] Account created sucessfully
2022-11-05 14:37:22,103 INFO c.i.l.CustomLogger [main] Account created sucessfully
2022-11-05 14:42:19,504 INFO c.i.l.CustomLogger [main] Account created sucessfully
2022-11-05 14:48:37,983 INFO c.i.l.CustomLogger [main] Account created sucessfully
2022-11-05 15:15:55,905 INFO c.i.l.CustomLogger [main] Account created sucessfully
2022-11-05 15:45:57,245 INFO c.i.l.CustomLogger [main] Account created sucessfully
2022-11-05 15:48:49,560 INFO c.i.l.CustomLogger [main] Account created sucessfully
2022-11-05 15:54:26,382 INFO c.i.l.CustomLogger [main] Account created sucessfully
2022-11-05 15:59:12,253 INFO c.i.l.CustomLogger [main] Account created sucessfully
2022-11-05 16:02:10,604 INFO c.i.l.CustomLogger [main] Account created sucessfully
2022-11-05 16:04:05,483 INFO c.i.l.CustomLogger [main] Account created sucessfully
2022-11-05 16:07:03,374 INFO c.i.l.CustomLogger [main] Account created sucessfully
2022-11-05 16:48:23,243 INFO c.i.l.CustomLogger [main] Account created sucessfully
2022-11-05 17:05:58,535 INFO c.i.l.CustomLogger [main] Account created sucessfully
2022-11-05 17:09:59,329 INFO c.i.l.CustomLogger [main] Account created sucessfully
2022-11-05 17:23:05,414 INFO c.i.l.CustomLogger [main] Account created sucessfully
2022-11-05 17:23:45,048 INFO c.i.l.CustomLogger [main] account not updated
2022-11-07 14:56:42,553 INFO c.i.l.CustomLogger [main] Enter the account name you want to search
2022-11-07 15:06:19,679 INFO c.i.l.CustomLogger [main] Enter the account name you want to search
2022-11-07 15:19:21,852 INFO c.i.l.CustomLogger [main] Enter the account name you want to search
2022-11-07 17:27:58,893 INFO c.i.l.CustomLogger [main] Account deleted successfully
2022-11-07 17:38:54,090 INFO c.i.l.CustomLogger [main] Account deleted successfully
2022-11-07 18:12:52,215 INFO c.i.l.CustomLogger [main] Account deleted successfully
2022-11-07 18:45:16,467 INFO c.i.l.CustomLogger [main] Account deleted successfully
2022-11-08 13:55:58,203 INFO c.i.l.CustomLogger [main] Account created sucessfully
2022-11-08 14:01:40,325 INFO c.i.l.CustomLogger [main] Enter the account name you want to search
2022-11-08 14:07:45,172 INFO c.i.l.CustomLogger [main] account updated Successfully
2022-11-08 14:09:18,805 INFO c.i.l.CustomLogger [main] Account created sucessfully
2022-11-08 14:14:47,517 INFO c.i.l.CustomLogger [main] Account created sucessfully
2022-11-08 14:21:30,524 INFO c.i.l.CustomLogger [main] Account created sucessfully
2022-11-08 14:22:51,963 INFO c.i.l.CustomLogger [main] Account created sucessfully
2022-11-08 14:25:40,812 INFO c.i.l.CustomLogger [main] account updated Successfully
2022-11-08 14:28:53,712 INFO c.i.l.CustomLogger [main] account updated Successfully
2022-11-08 14:30:28,916 INFO c.i.l.CustomLogger [main] account updated Successfully
2022-11-08 14:36:51,548 INFO c.i.l.CustomLogger [main] account updated Successfully
2022-11-08 15:04:08,632 INFO c.i.l.CustomLogger [main] Enter the account name you want to search
2022-11-08 15:21:42,440 INFO c.i.l.CustomLogger [main] Account created sucessfully
2022-11-08 15:23:07,365 INFO c.i.l.CustomLogger [main] account updated Successfully
2022-11-08 15:24:35,927 INFO c.i.l.CustomLogger [main] account not updated
2022-11-08 15:27:43,741 INFO c.i.l.CustomLogger [main] account updated Successfully
2022-11-08 15:31:24,819 INFO c.i.l.CustomLogger [main] account updated Successfully
2022-11-08 15:32:19,679 INFO c.i.l.CustomLogger [main] account not updated
2022-11-08 15:33:43,173 INFO c.i.l.CustomLogger [main] account not updated
2022-11-08 15:34:33,461 INFO c.i.l.CustomLogger [main] account updated Successfully
2022-11-08 15:35:31,869 INFO c.i.l.CustomLogger [main] account updated Successfully
2022-11-08 15:36:47,082 INFO c.i.l.CustomLogger [main] account updated Successfully
2022-11-08 15:37:44,467 INFO c.i.l.CustomLogger [main] account not updated
2022-11-09 10:14:41,018 INFO c.i.l.CustomLogger [main] Account created sucessfully
2022-11-09 10:22:50,903 INFO c.i.l.CustomLogger [main] Account created sucessfully
2022-11-09 15:51:37,301 INFO c.i.l.CustomLogger [main] Enter the account name you want to search
2022-11-09 15:52:20,525 INFO c.i.l.CustomLogger [main] Enter the account name you want to search
2022-11-09 15:52:22,921 INFO c.i.l.CustomLogger [main] No account found
2022-11-09 17:12:36,563 INFO c.i.l.CustomLogger [main] account not updated
2022-11-09 17:15:44,843 INFO c.i.l.CustomLogger [main] account updated Successfully
