2022-11-09 17:18:59,801 WARN c.i.l.CustomLogger [main] Entered invalid data
2022-11-09 17:19:39,860 WARN c.i.l.CustomLogger [main] Entered invalid data
2022-11-25 20:02:35,199 WARN c.i.l.CustomLogger [main] Entered value is Invalid!!
2022-11-26 09:26:38,342 WARN c.i.l.CustomLogger [main] Entered value is Invalid!!
2022-11-26 09:38:48,311 WARN c.i.l.CustomLogger [main] Entered value is Invalid!!
2022-11-26 14:34:08,354 WARN c.i.l.CustomLogger [main] Entered value is Invalid!!
2022-11-26 14:35:38,576 WARN c.i.l.CustomLogger [main] Entered value is Invalid!!
2022-11-28 10:46:22,869 WARN c.i.l.CustomLogger [main] Entered wrong format try again
2022-11-28 10:46:55,452 WARN c.i.l.CustomLogger [main] Entered wrong format try again
2022-11-28 10:47:04,275 WARN c.i.l.CustomLogger [main] Entered wrong format try again
2022-11-28 10:47:20,577 WARN c.i.l.CustomLogger [main] Entered wrong format try again
2022-11-28 10:47:29,085 WARN c.i.l.CustomLogger [main] Entered wrong format try again
2022-11-28 11:49:51,044 WARN c.i.l.CustomLogger [main] Entered invalid data
2022-11-28 11:51:43,289 WARN c.i.l.CustomLogger [main] Entered invalid data
2022-11-28 12:15:57,378 WARN c.i.l.CustomLogger [main] Entered wrong format try again
2022-11-28 12:18:28,979 WARN c.i.l.CustomLogger [main] Entered wrong format try again
2022-11-28 12:18:54,467 WARN c.i.l.CustomLogger [main] Entered wrong format try again
2022-11-28 12:19:22,950 WARN c.i.l.CustomLogger [main] Entered wrong format try again
2022-11-28 12:22:45,983 WARN c.i.l.CustomLogger [main] Entered wrong format try again
2022-11-28 12:58:19,244 WARN c.i.l.CustomLogger [main] Entered wrong format try again
2022-11-28 13:37:36,828 WARN c.i.l.CustomLogger [main] Entered wrong format try again
2022-11-28 13:38:00,373 WARN c.i.l.CustomLogger [main] Entered wrong format try again
2022-11-28 13:39:33,787 WARN c.i.l.CustomLogger [main] Entered wrong format try again
2022-11-28 13:40:22,294 WARN c.i.l.CustomLogger [main] Entered wrong format try again
2022-11-28 13:50:00,661 WARN c.i.l.CustomLogger [main] Entered wrong format try again
2022-11-28 13:50:08,975 WARN c.i.l.CustomLogger [main] Entered wrong format try again
2022-11-28 13:55:12,400 WARN c.i.l.CustomLogger [main] Entered wrong format try again
2022-11-28 13:56:09,215 WARN c.i.l.CustomLogger [main] Entered wrong format try again
2022-11-28 14:30:52,304 WARN c.i.l.CustomLogger [main] Entered value is Invalid!!
2022-11-28 15:37:43,415 WARN c.i.l.CustomLogger [main] Entered value is Invalid!!
2022-11-29 14:39:38,185 WARN c.i.l.CustomLogger [main] Entered wrong format try again
2022-11-29 14:40:07,428 WARN c.i.l.CustomLogger [main] Entered wrong format try again
2022-11-29 14:40:07,436 WARN c.i.l.CustomLogger [main] Entered wrong format try again
2022-11-29 14:40:07,441 WARN c.i.l.CustomLogger [main] Entered wrong format try again
2022-11-29 14:43:48,966 WARN c.i.l.CustomLogger [main] Entered wrong format try again
2022-11-29 14:43:52,288 WARN c.i.l.CustomLogger [main] Entered wrong format try again
2022-11-29 14:54:36,035 WARN c.i.l.CustomLogger [main] Entered wrong format try again
2022-11-30 22:58:42,884 WARN c.i.l.CustomLogger [main] Entered wrong format try again
2022-11-30 23:10:12,876 WARN c.i.l.CustomLogger [main] Entered wrong format try again
2022-11-30 23:11:59,303 WARN c.i.l.CustomLogger [main] Entered wrong format try again
2022-11-30 23:23:39,625 WARN c.i.l.CustomLogger [main] Entered wrong format try again
2022-12-01 10:11:42,248 WARN c.i.l.CustomLogger [main] Entered data not match
2022-12-01 10:35:11,076 WARN c.i.l.CustomLogger [main] Entered data not match
2022-12-01 12:43:58,072 WARN c.i.l.CustomLogger [main] Entered wrong format try again
2022-12-01 12:49:13,083 WARN c.i.l.CustomLogger [main] Entered wrong format try again
2022-12-01 12:49:40,262 WARN c.i.l.CustomLogger [main] Entered wrong format try again
2022-12-01 12:53:24,465 WARN c.i.l.CustomLogger [main] Entered wrong format try again
2022-12-01 12:53:40,276 WARN c.i.l.CustomLogger [main] Entered wrong format try again
2022-12-01 13:02:30,680 WARN c.i.l.CustomLogger [main] Entered wrong format try again
2022-12-01 16:39:44,337 WARN c.i.l.CustomLogger [main] Entered value is Invalid!!
2022-12-01 20:40:59,466 WARN c.i.l.CustomLogger [main] Entered value is Invalid!!
2022-12-01 21:58:41,519 WARN c.i.l.CustomLogger [main] Entered value is Invalid!!
2022-12-02 14:49:30,500 WARN c.i.l.CustomLogger [main] dEntered value is Invalid!! 
 enter correct option to update
2022-12-02 17:33:12,622 WARN c.i.l.CustomLogger [main] Entered value is Invalid!!
2022-12-02 21:50:47,647 WARN c.i.l.CustomLogger [main] Enter only Numbers
2022-12-02 21:52:35,819 WARN c.i.l.CustomLogger [main] Entered wrong format try again
2022-12-02 21:55:30,872 WARN c.i.l.CustomLogger [main] Entered wrong format try again
2022-12-02 22:30:27,174 WARN c.i.l.CustomLogger [main] Enter only Numbers
2022-12-02 22:37:48,485 WARN c.i.l.CustomLogger [main] Entered value is Invalid!!
2022-12-02 23:12:17,551 WARN c.i.l.CustomLogger [main] Entered value is Invalid!!
2022-12-02 23:12:18,145 WARN c.i.l.CustomLogger [main] Entered value is Invalid!!
2022-12-03 16:45:11,349 WARN c.i.l.CustomLogger [main] Entered wrong format try again
2022-12-06 14:42:49,148 WARN c.i.l.CustomLogger [main] Entered wrong format try again
2022-12-06 23:47:21,428 WARN c.i.l.CustomLogger [main] Entered wrong format try again
2022-12-06 23:47:21,475 WARN c.i.l.CustomLogger [main] Entered wrong format try again
2022-12-06 23:47:21,506 WARN c.i.l.CustomLogger [main] Entered wrong format try again
2022-12-06 23:47:21,553 WARN c.i.l.CustomLogger [main] Entered wrong format try again
2022-12-06 23:47:21,584 WARN c.i.l.CustomLogger [main] Entered wrong format try again
2022-12-06 23:47:21,615 WARN c.i.l.CustomLogger [main] Entered wrong format try again
2022-12-06 23:47:21,646 WARN c.i.l.CustomLogger [main] Entered wrong format try again
2022-12-06 23:47:21,678 WARN c.i.l.CustomLogger [main] Entered wrong format try again
2022-12-06 23:47:21,709 WARN c.i.l.CustomLogger [main] Entered wrong format try again
2022-12-06 23:47:21,725 WARN c.i.l.CustomLogger [main] Entered wrong format try again
2022-12-06 23:47:21,756 WARN c.i.l.CustomLogger [main] Entered wrong format try again
2022-12-06 23:47:21,771 WARN c.i.l.CustomLogger [main] Entered wrong format try again
2022-12-06 23:47:21,803 WARN c.i.l.CustomLogger [main] Entered wrong format try again
2022-12-06 23:47:21,834 WARN c.i.l.CustomLogger [main] Entered wrong format try again
2022-12-06 23:47:21,865 WARN c.i.l.CustomLogger [main] Entered wrong format try again
2022-12-06 23:47:21,881 WARN c.i.l.CustomLogger [main] Entered wrong format try again
2022-12-06 23:47:21,896 WARN c.i.l.CustomLogger [main] Entered wrong format try again
2022-12-06 23:47:21,928 WARN c.i.l.CustomLogger [main] Entered wrong format try again
2022-12-06 23:47:21,959 WARN c.i.l.CustomLogger [main] Entered wrong format try again
2022-12-06 23:47:21,975 WARN c.i.l.CustomLogger [main] Entered wrong format try again
2022-12-06 23:47:22,006 WARN c.i.l.CustomLogger [main] Entered wrong format try again
2022-12-06 23:47:22,053 WARN c.i.l.CustomLogger [main] Entered wrong format try again
2022-12-06 23:47:22,084 WARN c.i.l.CustomLogger [main] Entered wrong format try again
2022-12-06 23:47:22,099 WARN c.i.l.CustomLogger [main] Entered wrong format try again
2022-12-06 23:47:22,115 WARN c.i.l.CustomLogger [main] Entered wrong format try again
2022-12-06 23:47:22,146 WARN c.i.l.CustomLogger [main] Entered wrong format try again
2022-12-06 23:47:22,162 WARN c.i.l.CustomLogger [main] Entered wrong format try again
2022-12-06 23:47:22,193 WARN c.i.l.CustomLogger [main] Entered wrong format try again
2022-12-06 23:47:22,209 WARN c.i.l.CustomLogger [main] Entered wrong format try again
2022-12-06 23:47:22,287 WARN c.i.l.CustomLogger [main] Entered wrong format try again
2022-12-06 23:47:22,303 WARN c.i.l.CustomLogger [main] Entered wrong format try again
2022-12-06 23:47:22,318 WARN c.i.l.CustomLogger [main] Entered wrong format try again
2022-12-06 23:47:22,349 WARN c.i.l.CustomLogger [main] Entered wrong format try again
2022-12-06 23:47:22,365 WARN c.i.l.CustomLogger [main] Entered wrong format try again
2022-12-06 23:47:22,381 WARN c.i.l.CustomLogger [main] Entered wrong format try again
2022-12-06 23:47:22,396 WARN c.i.l.CustomLogger [main] Entered wrong format try again
2022-12-06 23:47:22,443 WARN c.i.l.CustomLogger [main] Entered wrong format try again
2022-12-06 23:47:22,474 WARN c.i.l.CustomLogger [main] Entered wrong format try again
2022-12-06 23:47:22,552 WARN c.i.l.CustomLogger [main] Entered wrong format try again
2022-12-06 23:47:22,568 WARN c.i.l.CustomLogger [main] Entered wrong format try again
2022-12-06 23:47:22,584 WARN c.i.l.CustomLogger [main] Entered wrong format try again
2022-12-06 23:47:22,615 WARN c.i.l.CustomLogger [main] Entered wrong format try again
2022-12-06 23:47:22,677 WARN c.i.l.CustomLogger [main] Entered wrong format try again
2022-12-06 23:47:22,693 WARN c.i.l.CustomLogger [main] Entered wrong format try again
2022-12-06 23:47:22,709 WARN c.i.l.CustomLogger [main] Entered wrong format try again
2022-12-06 23:47:22,724 WARN c.i.l.CustomLogger [main] Entered wrong format try again
2022-12-06 23:47:22,756 WARN c.i.l.CustomLogger [main] Entered wrong format try again
2022-12-06 23:47:22,787 WARN c.i.l.CustomLogger [main] Entered wrong format try again
2022-12-06 23:47:22,818 WARN c.i.l.CustomLogger [main] Entered wrong format try again
2022-12-06 23:47:22,834 WARN c.i.l.CustomLogger [main] Entered wrong format try again
2022-12-06 23:47:22,896 WARN c.i.l.CustomLogger [main] Entered wrong format try again
2022-12-06 23:47:22,912 WARN c.i.l.CustomLogger [main] Entered wrong format try again
2022-12-06 23:47:22,927 WARN c.i.l.CustomLogger [main] Entered wrong format try again
2022-12-06 23:47:22,943 WARN c.i.l.CustomLogger [main] Entered wrong format try again
2022-12-06 23:47:22,959 WARN c.i.l.CustomLogger [main] Entered wrong format try again
2022-12-06 23:47:22,990 WARN c.i.l.CustomLogger [main] Entered wrong format try again
2022-12-06 23:47:23,006 WARN c.i.l.CustomLogger [main] Entered wrong format try again
2022-12-06 23:47:23,037 WARN c.i.l.CustomLogger [main] Entered wrong format try again
2022-12-06 23:47:23,052 WARN c.i.l.CustomLogger [main] Entered wrong format try again
2022-12-06 23:47:23,068 WARN c.i.l.CustomLogger [main] Entered wrong format try again
2022-12-06 23:47:23,099 WARN c.i.l.CustomLogger [main] Entered wrong format try again
2022-12-06 23:47:23,115 WARN c.i.l.CustomLogger [main] Entered wrong format try again
2022-12-06 23:47:23,130 WARN c.i.l.CustomLogger [main] Entered wrong format try again
2022-12-06 23:47:23,177 WARN c.i.l.CustomLogger [main] Entered wrong format try again
2022-12-06 23:47:23,193 WARN c.i.l.CustomLogger [main] Entered wrong format try again
2022-12-06 23:47:23,209 WARN c.i.l.CustomLogger [main] Entered wrong format try again
2022-12-06 23:47:23,240 WARN c.i.l.CustomLogger [main] Entered wrong format try again
2022-12-06 23:47:23,271 WARN c.i.l.CustomLogger [main] Entered wrong format try again
2022-12-06 23:47:23,287 WARN c.i.l.CustomLogger [main] Entered wrong format try again
2022-12-06 23:47:23,302 WARN c.i.l.CustomLogger [main] Entered wrong format try again
2022-12-06 23:47:23,318 WARN c.i.l.CustomLogger [main] Entered wrong format try again
2022-12-06 23:47:23,349 WARN c.i.l.CustomLogger [main] Entered wrong format try again
2022-12-06 23:47:23,365 WARN c.i.l.CustomLogger [main] Entered wrong format try again
2022-12-06 23:47:23,380 WARN c.i.l.CustomLogger [main] Entered wrong format try again
2022-12-06 23:47:23,412 WARN c.i.l.CustomLogger [main] Entered wrong format try again
2022-12-06 23:47:23,459 WARN c.i.l.CustomLogger [main] Entered wrong format try again
2022-12-06 23:47:23,474 WARN c.i.l.CustomLogger [main] Entered wrong format try again
2022-12-06 23:47:23,505 WARN c.i.l.CustomLogger [main] Entered wrong format try again
2022-12-06 23:47:23,552 WARN c.i.l.CustomLogger [main] Entered wrong format try again
2022-12-06 23:47:23,584 WARN c.i.l.CustomLogger [main] Entered wrong format try again
2022-12-06 23:47:23,630 WARN c.i.l.CustomLogger [main] Entered wrong format try again
2022-12-06 23:47:23,646 WARN c.i.l.CustomLogger [main] Entered wrong format try again
2022-12-06 23:47:23,677 WARN c.i.l.CustomLogger [main] Entered wrong format try again
2022-12-06 23:47:23,708 WARN c.i.l.CustomLogger [main] Entered wrong format try again
2022-12-06 23:47:23,740 WARN c.i.l.CustomLogger [main] Entered wrong format try again
2022-12-06 23:47:23,755 WARN c.i.l.CustomLogger [main] Entered wrong format try again
2022-12-06 23:47:23,771 WARN c.i.l.CustomLogger [main] Entered wrong format try again
2022-12-06 23:47:23,787 WARN c.i.l.CustomLogger [main] Entered wrong format try again
2022-12-06 23:47:23,802 WARN c.i.l.CustomLogger [main] Entered wrong format try again
2022-12-06 23:47:23,818 WARN c.i.l.CustomLogger [main] Entered wrong format try again
2022-12-06 23:47:23,849 WARN c.i.l.CustomLogger [main] Entered wrong format try again
2022-12-06 23:47:23,865 WARN c.i.l.CustomLogger [main] Entered wrong format try again
2022-12-06 23:47:23,880 WARN c.i.l.CustomLogger [main] Entered wrong format try again
2022-12-06 23:47:23,896 WARN c.i.l.CustomLogger [main] Entered wrong format try again
2022-12-06 23:47:23,912 WARN c.i.l.CustomLogger [main] Entered wrong format try again
2022-12-06 23:47:23,927 WARN c.i.l.CustomLogger [main] Entered wrong format try again
2022-12-06 23:47:23,943 WARN c.i.l.CustomLogger [main] Entered wrong format try again
2022-12-06 23:47:23,990 WARN c.i.l.CustomLogger [main] Entered wrong format try again
2022-12-06 23:47:24,005 WARN c.i.l.CustomLogger [main] Entered wrong format try again
2022-12-06 23:47:24,037 WARN c.i.l.CustomLogger [main] Entered wrong format try again
2022-12-06 23:47:24,052 WARN c.i.l.CustomLogger [main] Entered wrong format try again
2022-12-06 23:47:24,068 WARN c.i.l.CustomLogger [main] Entered wrong format try again
2022-12-06 23:47:24,083 WARN c.i.l.CustomLogger [main] Entered wrong format try again
2022-12-06 23:47:24,099 WARN c.i.l.CustomLogger [main] Entered wrong format try again
2022-12-06 23:47:24,115 WARN c.i.l.CustomLogger [main] Entered wrong format try again
2022-12-06 23:47:24,130 WARN c.i.l.CustomLogger [main] Entered wrong format try again
2022-12-06 23:47:24,146 WARN c.i.l.CustomLogger [main] Entered wrong format try again
2022-12-06 23:47:24,161 WARN c.i.l.CustomLogger [main] Entered wrong format try again
2022-12-06 23:47:24,208 WARN c.i.l.CustomLogger [main] Entered wrong format try again
2022-12-06 23:47:24,224 WARN c.i.l.CustomLogger [main] Entered wrong format try again
2022-12-06 23:47:24,255 WARN c.i.l.CustomLogger [main] Entered wrong format try again
2022-12-06 23:47:24,271 WARN c.i.l.CustomLogger [main] Entered wrong format try again
2022-12-06 23:47:27,948 WARN c.i.l.CustomLogger [main] Entered wrong format try again
2022-12-06 23:47:27,948 WARN c.i.l.CustomLogger [main] Entered wrong format try again
2022-12-06 23:47:27,964 WARN c.i.l.CustomLogger [main] Entered wrong format try again
2022-12-06 23:47:27,980 WARN c.i.l.CustomLogger [main] Entered wrong format try again
2022-12-06 23:47:27,995 WARN c.i.l.CustomLogger [main] Entered wrong format try again
2022-12-06 23:47:28,011 WARN c.i.l.CustomLogger [main] Entered wrong format try again
2022-12-06 23:47:28,026 WARN c.i.l.CustomLogger [main] Entered wrong format try again
2022-12-06 23:47:28,026 WARN c.i.l.CustomLogger [main] Entered wrong format try again
2022-12-06 23:47:28,042 WARN c.i.l.CustomLogger [main] Entered wrong format try again
2022-12-06 23:47:28,058 WARN c.i.l.CustomLogger [main] Entered wrong format try again
2022-12-06 23:47:28,073 WARN c.i.l.CustomLogger [main] Entered wrong format try again
2022-12-06 23:47:28,089 WARN c.i.l.CustomLogger [main] Entered wrong format try again
2022-12-06 23:47:28,105 WARN c.i.l.CustomLogger [main] Entered wrong format try again
2022-12-06 23:47:28,120 WARN c.i.l.CustomLogger [main] Entered wrong format try again
2022-12-06 23:47:28,136 WARN c.i.l.CustomLogger [main] Entered wrong format try again
2022-12-06 23:47:28,151 WARN c.i.l.CustomLogger [main] Entered wrong format try again
2022-12-06 23:47:28,167 WARN c.i.l.CustomLogger [main] Entered wrong format try again
2022-12-06 23:47:28,183 WARN c.i.l.CustomLogger [main] Entered wrong format try again
2022-12-06 23:47:28,198 WARN c.i.l.CustomLogger [main] Entered wrong format try again
2022-12-06 23:47:28,214 WARN c.i.l.CustomLogger [main] Entered wrong format try again
2022-12-06 23:47:28,230 WARN c.i.l.CustomLogger [main] Entered wrong format try again
2022-12-06 23:47:28,230 WARN c.i.l.CustomLogger [main] Entered wrong format try again
2022-12-06 23:47:28,261 WARN c.i.l.CustomLogger [main] Entered wrong format try again
2022-12-06 23:47:28,276 WARN c.i.l.CustomLogger [main] Entered wrong format try again
2022-12-06 23:47:28,292 WARN c.i.l.CustomLogger [main] Entered wrong format try again
2022-12-06 23:47:28,308 WARN c.i.l.CustomLogger [main] Entered wrong format try again
2022-12-06 23:47:28,323 WARN c.i.l.CustomLogger [main] Entered wrong format try again
2022-12-06 23:47:28,339 WARN c.i.l.CustomLogger [main] Entered wrong format try again
2022-12-06 23:47:28,354 WARN c.i.l.CustomLogger [main] Entered wrong format try again
2022-12-06 23:47:28,370 WARN c.i.l.CustomLogger [main] Entered wrong format try again
2022-12-06 23:47:28,417 WARN c.i.l.CustomLogger [main] Entered wrong format try again
2022-12-06 23:47:28,433 WARN c.i.l.CustomLogger [main] Entered wrong format try again
2022-12-06 23:47:28,448 WARN c.i.l.CustomLogger [main] Entered wrong format try again
2022-12-06 23:47:28,464 WARN c.i.l.CustomLogger [main] Entered wrong format try again
2022-12-06 23:47:28,479 WARN c.i.l.CustomLogger [main] Entered wrong format try again
2022-12-06 23:47:28,495 WARN c.i.l.CustomLogger [main] Entered wrong format try again
2022-12-06 23:47:28,511 WARN c.i.l.CustomLogger [main] Entered wrong format try again
2022-12-06 23:47:28,526 WARN c.i.l.CustomLogger [main] Entered wrong format try again
2022-12-06 23:47:28,573 WARN c.i.l.CustomLogger [main] Entered wrong format try again
2022-12-06 23:47:28,620 WARN c.i.l.CustomLogger [main] Entered wrong format try again
2022-12-06 23:47:28,636 WARN c.i.l.CustomLogger [main] Entered wrong format try again
2022-12-06 23:47:28,651 WARN c.i.l.CustomLogger [main] Entered wrong format try again
2022-12-06 23:47:28,651 WARN c.i.l.CustomLogger [main] Entered wrong format try again
2022-12-06 23:47:28,698 WARN c.i.l.CustomLogger [main] Entered wrong format try again
2022-12-06 23:47:28,714 WARN c.i.l.CustomLogger [main] Entered wrong format try again
2022-12-06 23:47:28,729 WARN c.i.l.CustomLogger [main] Entered wrong format try again
2022-12-06 23:47:28,745 WARN c.i.l.CustomLogger [main] Entered wrong format try again
2022-12-06 23:47:28,761 WARN c.i.l.CustomLogger [main] Entered wrong format try again
2022-12-06 23:47:28,792 WARN c.i.l.CustomLogger [main] Entered wrong format try again
2022-12-06 23:47:28,808 WARN c.i.l.CustomLogger [main] Entered wrong format try again
2022-12-06 23:47:28,823 WARN c.i.l.CustomLogger [main] Entered wrong format try again
2022-12-06 23:47:28,870 WARN c.i.l.CustomLogger [main] Entered wrong format try again
2022-12-06 23:47:28,886 WARN c.i.l.CustomLogger [main] Entered wrong format try again
2022-12-06 23:47:28,901 WARN c.i.l.CustomLogger [main] Entered wrong format try again
2022-12-06 23:47:28,901 WARN c.i.l.CustomLogger [main] Entered wrong format try again
2022-12-06 23:47:28,917 WARN c.i.l.CustomLogger [main] Entered wrong format try again
2022-12-06 23:47:28,948 WARN c.i.l.CustomLogger [main] Entered wrong format try again
2022-12-06 23:47:28,964 WARN c.i.l.CustomLogger [main] Entered wrong format try again
2022-12-06 23:47:29,011 WARN c.i.l.CustomLogger [main] Entered wrong format try again
2022-12-06 23:47:29,026 WARN c.i.l.CustomLogger [main] Entered wrong format try again
2022-12-06 23:47:29,042 WARN c.i.l.CustomLogger [main] Entered wrong format try again
2022-12-06 23:47:29,073 WARN c.i.l.CustomLogger [main] Entered wrong format try again
2022-12-06 23:47:29,089 WARN c.i.l.CustomLogger [main] Entered wrong format try again
2022-12-06 23:47:29,104 WARN c.i.l.CustomLogger [main] Entered wrong format try again
2022-12-06 23:47:29,136 WARN c.i.l.CustomLogger [main] Entered wrong format try again
2022-12-06 23:47:29,151 WARN c.i.l.CustomLogger [main] Entered wrong format try again
2022-12-06 23:47:29,151 WARN c.i.l.CustomLogger [main] Entered wrong format try again
2022-12-06 23:47:29,185 WARN c.i.l.CustomLogger [main] Entered wrong format try again
2022-12-06 23:47:29,188 WARN c.i.l.CustomLogger [main] Entered wrong format try again
2022-12-06 23:47:29,203 WARN c.i.l.CustomLogger [main] Entered wrong format try again
2022-12-06 23:47:29,219 WARN c.i.l.CustomLogger [main] Entered wrong format try again
2022-12-06 23:47:29,234 WARN c.i.l.CustomLogger [main] Entered wrong format try again
2022-12-06 23:47:29,250 WARN c.i.l.CustomLogger [main] Entered wrong format try again
2022-12-06 23:47:29,266 WARN c.i.l.CustomLogger [main] Entered wrong format try again
2022-12-06 23:47:29,281 WARN c.i.l.CustomLogger [main] Entered wrong format try again
2022-12-06 23:47:29,313 WARN c.i.l.CustomLogger [main] Entered wrong format try again
2022-12-06 23:47:29,344 WARN c.i.l.CustomLogger [main] Entered wrong format try again
2022-12-06 23:47:29,359 WARN c.i.l.CustomLogger [main] Entered wrong format try again
2022-12-06 23:47:29,391 WARN c.i.l.CustomLogger [main] Entered wrong format try again
2022-12-06 23:47:29,422 WARN c.i.l.CustomLogger [main] Entered wrong format try again
2022-12-06 23:47:29,453 WARN c.i.l.CustomLogger [main] Entered wrong format try again
2022-12-06 23:47:29,469 WARN c.i.l.CustomLogger [main] Entered wrong format try again
2022-12-06 23:47:29,484 WARN c.i.l.CustomLogger [main] Entered wrong format try again
2022-12-06 23:47:29,516 WARN c.i.l.CustomLogger [main] Entered wrong format try again
2022-12-06 23:47:29,547 WARN c.i.l.CustomLogger [main] Entered wrong format try again
2022-12-06 23:47:29,562 WARN c.i.l.CustomLogger [main] Entered wrong format try again
2022-12-06 23:47:29,578 WARN c.i.l.CustomLogger [main] Entered wrong format try again
2022-12-06 23:47:29,609 WARN c.i.l.CustomLogger [main] Entered wrong format try again
2022-12-06 23:47:29,625 WARN c.i.l.CustomLogger [main] Entered wrong format try again
2022-12-06 23:47:29,641 WARN c.i.l.CustomLogger [main] Entered wrong format try again
2022-12-06 23:47:29,656 WARN c.i.l.CustomLogger [main] Entered wrong format try again
2022-12-06 23:47:29,672 WARN c.i.l.CustomLogger [main] Entered wrong format try again
2022-12-06 23:47:29,687 WARN c.i.l.CustomLogger [main] Entered wrong format try again
2022-12-06 23:47:29,703 WARN c.i.l.CustomLogger [main] Entered wrong format try again
2022-12-06 23:47:29,719 WARN c.i.l.CustomLogger [main] Entered wrong format try again
2022-12-06 23:47:29,719 WARN c.i.l.CustomLogger [main] Entered wrong format try again
2022-12-06 23:47:29,734 WARN c.i.l.CustomLogger [main] Entered wrong format try again
2022-12-06 23:47:29,750 WARN c.i.l.CustomLogger [main] Entered wrong format try again
2022-12-06 23:47:29,781 WARN c.i.l.CustomLogger [main] Entered wrong format try again
2022-12-06 23:47:29,797 WARN c.i.l.CustomLogger [main] Entered wrong format try again
2022-12-06 23:47:29,797 WARN c.i.l.CustomLogger [main] Entered wrong format try again
2022-12-06 23:47:29,812 WARN c.i.l.CustomLogger [main] Entered wrong format try again
2022-12-06 23:47:29,828 WARN c.i.l.CustomLogger [main] Entered wrong format try again
2022-12-06 23:47:29,844 WARN c.i.l.CustomLogger [main] Entered wrong format try again
2022-12-06 23:47:29,859 WARN c.i.l.CustomLogger [main] Entered wrong format try again
2022-12-06 23:47:29,859 WARN c.i.l.CustomLogger [main] Entered wrong format try again
2022-12-06 23:47:29,875 WARN c.i.l.CustomLogger [main] Entered wrong format try again
2022-12-06 23:47:29,891 WARN c.i.l.CustomLogger [main] Entered wrong format try again
2022-12-06 23:47:29,906 WARN c.i.l.CustomLogger [main] Entered wrong format try again
2022-12-06 23:47:29,922 WARN c.i.l.CustomLogger [main] Entered wrong format try again
2022-12-06 23:47:29,937 WARN c.i.l.CustomLogger [main] Entered wrong format try again
2022-12-06 23:47:29,953 WARN c.i.l.CustomLogger [main] Entered wrong format try again
2022-12-06 23:47:29,969 WARN c.i.l.CustomLogger [main] Entered wrong format try again
2022-12-06 23:47:36,309 WARN c.i.l.CustomLogger [main] Entered wrong format try again
2022-12-06 23:47:39,581 WARN c.i.l.CustomLogger [main] Entered wrong format try again
2022-12-07 10:18:03,821 WARN c.i.l.CustomLogger [main] Entered wrong format try again
2022-12-07 11:54:36,235 WARN c.i.l.CustomLogger [main] Entered wrong format try again
2022-12-07 12:18:35,557 WARN c.i.l.CustomLogger [main] Entered wrong format try again
2022-12-07 12:20:33,799 WARN c.i.l.CustomLogger [main] Entered wrong format try again
2022-12-07 12:20:40,629 WARN c.i.l.CustomLogger [main] Entered wrong format try again
2022-12-07 12:20:52,329 WARN c.i.l.CustomLogger [main] Entered wrong format try again
2022-12-07 12:22:53,762 WARN c.i.l.CustomLogger [main] Entered wrong format try again
2022-12-07 12:29:46,636 WARN c.i.l.CustomLogger [main] Entered wrong format try againyogesh09
2022-12-07 12:38:51,429 WARN c.i.l.CustomLogger [main] Entered wrong format try againfdgdfgdf4546
2022-12-07 12:42:44,813 WARN c.i.l.CustomLogger [main] Entered wrong format try againsdfsdfsd345
2022-12-07 12:45:45,791 WARN c.i.l.CustomLogger [main] Entered wrong format try againzxvxzvzx4345false
2022-12-07 12:50:56,606 WARN c.i.l.CustomLogger [main] Entered wrong format try againthangapandytrue
2022-12-07 13:38:01,435 WARN c.i.l.CustomLogger [main] Entered wrong format try againsadadstrue
2022-12-07 13:47:37,557 WARN c.i.l.CustomLogger [main] Entered wrong format try againAbidali232false
2022-12-07 13:49:33,503 WARN c.i.l.CustomLogger [main] Entered wrong format try againAbidAli232false
2022-12-07 13:50:44,637 WARN c.i.l.CustomLogger [main] Entered wrong format try againAbidAli232false
2022-12-07 13:54:56,625 WARN c.i.l.CustomLogger [main] Entered wrong format try againAbidAli232false
2022-12-07 13:56:48,455 WARN c.i.l.CustomLogger [main] Entered wrong format try againAbidali23232false
2022-12-07 14:07:37,640 WARN c.i.l.CustomLogger [main] Entered wrong format try again
2022-12-07 14:20:32,408 WARN c.i.l.CustomLogger [main] Entered wrong format try again
2022-12-07 14:40:04,966 WARN c.i.l.CustomLogger [main] Entered wrong format try again
2022-12-07 14:42:59,124 WARN c.i.l.CustomLogger [main] Entered wrong format try again
2022-12-07 14:45:44,863 WARN c.i.l.CustomLogger [main] Entered wrong format try again
2022-12-07 15:03:21,944 WARN c.i.l.CustomLogger [main] Entered wrong format try again
2022-12-07 15:08:16,274 WARN c.i.l.CustomLogger [main] Entered wrong format try again
2022-12-07 16:42:18,675 WARN c.i.l.CustomLogger [main] Entered wrong format try again
2022-12-07 23:01:12,692 WARN c.i.l.CustomLogger [main] eEntered value is Invalid!! 
 enter correct option to update
2022-12-07 23:03:09,516 WARN c.i.l.CustomLogger [main] Entered input data have no features in post
2022-12-07 23:04:07,404 WARN c.i.l.CustomLogger [main] eEntered value is Invalid!! 
 enter correct option to update
2022-12-07 23:05:16,124 WARN c.i.l.CustomLogger [main] Entered input data have no features in profile page
2022-12-07 23:06:11,312 WARN c.i.l.CustomLogger [main] Entered input data have no features in profile page
2022-12-07 23:07:47,202 WARN c.i.l.CustomLogger [main] eEntered value is Invalid!! 
 enter correct option to update
2022-12-07 23:13:15,212 WARN c.i.l.CustomLogger [main] No features to update in post
2022-12-07 23:21:30,523 WARN c.i.l.CustomLogger [main] No features to update in post
2022-12-07 23:50:33,783 WARN c.i.l.CustomLogger [main] No features to update in post
2022-12-07 23:57:18,276 WARN c.i.l.CustomLogger [main] Entered input data have no features in post
2022-12-07 23:57:39,421 WARN c.i.l.CustomLogger [main] Entered input data have no features in post
2022-12-07 23:58:47,015 WARN c.i.l.CustomLogger [main] No features to update in post
2022-12-08 00:06:38,942 WARN c.i.l.CustomLogger [main] No features to update in post
2022-12-08 00:10:19,488 WARN c.i.l.CustomLogger [main] No features to update in post
2022-12-08 00:14:37,223 WARN c.i.l.CustomLogger [main] No features to update in post
2022-12-08 00:20:52,486 WARN c.i.l.CustomLogger [main] Entered input data have no features in post
2022-12-08 00:21:11,928 WARN c.i.l.CustomLogger [main] No features to update in post
2022-12-08 00:25:54,913 WARN c.i.l.CustomLogger [main] No features to update in post
2022-12-08 00:28:17,072 WARN c.i.l.CustomLogger [main] Entered input data have no features in post
2022-12-08 00:29:39,402 WARN c.i.l.CustomLogger [main] No features to update in post
2022-12-08 00:29:52,404 WARN c.i.l.CustomLogger [main] Entered input data have no features in post
2022-12-08 00:31:39,130 WARN c.i.l.CustomLogger [main] Entered input data have no features in profile page
2022-12-08 00:32:40,323 WARN c.i.l.CustomLogger [main] Entered input data have no features in post
2022-12-08 00:33:51,029 WARN c.i.l.CustomLogger [main] No features to update in post
2022-12-08 00:41:38,583 WARN c.i.l.CustomLogger [main] No features to update in post
2022-12-08 00:42:17,680 WARN c.i.l.CustomLogger [main] No features to update in post
2022-12-08 00:47:20,373 WARN c.i.l.CustomLogger [main] No features to update in post
2022-12-08 00:48:05,145 WARN c.i.l.CustomLogger [main] No features to update in post
2022-12-08 00:49:58,345 WARN c.i.l.CustomLogger [main] No features to update in post
2022-12-08 11:13:09,171 WARN c.i.l.CustomLogger [main] Entered wrong format account name try again
