[2022-12-23 15:05:14] [info]  [ 4776] Apache Commons Daemon procrun (1.3.1.0 64-bit) started.
[2022-12-23 15:05:14] [info]  [ 4776] Running Service 'Tomcat9'...
[2022-12-23 15:05:14] [info]  [ 8996] Starting service...
[2022-12-23 15:05:15] [info]  [ 8996] Service started in 1515 milliseconds.
[2022-12-23 19:12:06] [info]  [ 4776] Service SERVICE_CONTROL_STOP signalled.
[2022-12-23 19:12:06] [info]  [ 5152] Stopping service...
[2022-12-23 19:12:07] [info]  [ 5152] Service stop thread completed.
[2022-12-23 19:12:07] [info]  [ 4776] Run service finished.
[2022-12-23 19:12:07] [info]  [ 4776] Apache Commons Daemon procrun finished.
[2022-12-23 19:12:11] [info]  [10344] Apache Commons Daemon procrun (1.3.1.0 64-bit) started.
[2022-12-23 19:12:11] [info]  [10344] Running Service 'Tomcat9'...
[2022-12-23 19:12:11] [info]  [ 9960] Starting service...
[2022-12-23 19:12:13] [info]  [ 9960] Service started in 1202 milliseconds.
[2022-12-23 19:26:30] [info]  [10344] Service SERVICE_CONTROL_STOP signalled.
[2022-12-23 19:26:30] [info]  [14520] Stopping service...
[2022-12-23 19:26:31] [info]  [14520] Service stop thread completed.
[2022-12-23 19:26:31] [info]  [10344] Run service finished.
[2022-12-23 19:26:31] [info]  [10344] Apache Commons Daemon procrun finished.
[2022-12-23 19:26:36] [info]  [10232] Apache Commons Daemon procrun (1.3.1.0 64-bit) started.
[2022-12-23 19:26:36] [info]  [10232] Running Service 'Tomcat9'...
[2022-12-23 19:26:36] [info]  [ 5024] Starting service...
[2022-12-23 19:26:37] [info]  [ 5024] Service started in 1206 milliseconds.
[2022-12-23 20:35:45] [info]  [10232] Service SERVICE_CONTROL_STOP signalled.
[2022-12-23 20:35:45] [info]  [ 4732] Stopping service...
[2022-12-23 20:35:46] [info]  [ 4732] Service stop thread completed.
[2022-12-23 20:35:46] [info]  [10232] Run service finished.
[2022-12-23 20:35:46] [info]  [10232] Apache Commons Daemon procrun finished.
[2022-12-23 20:35:53] [info]  [ 6544] Apache Commons Daemon procrun (1.3.1.0 64-bit) started.
[2022-12-23 20:35:53] [info]  [ 6544] Running Service 'Tomcat9'...
[2022-12-23 20:35:53] [info]  [11096] Starting service...
[2022-12-23 20:35:54] [info]  [11096] Service started in 1200 milliseconds.
